<?xml version="1.0" encoding="UTF-8"?>
<testng-results ignored="0" total="2" passed="2" failed="0" skipped="0">
  <reporter-output>
  </reporter-output>
  <suite started-at="2022-01-02T14:31:30 BRT" name="Default suite" finished-at="2022-01-02T14:31:36 BRT" duration-ms="6082">
    <groups>
      <group name="cucumber">
        <method signature="AbstractTestNGCucumberTests.runScenario(io.cucumber.testng.PickleWrapper,io.cucumber.testng.FeatureWrapper)[pri:0, instance:Runner.RunnerMain@48f278eb]" name="runScenario" class="io.cucumber.testng.AbstractTestNGCucumberTests"/>
      </group> <!-- cucumber -->
    </groups>
    <test started-at="2022-01-02T14:31:30 BRT" name="Default test" finished-at="2022-01-02T14:31:36 BRT" duration-ms="6082">
      <class name="Runner.RunnerMain">
        <test-method is-config="true" signature="setUpClass(org.testng.ITestContext)[pri:0, instance:Runner.RunnerMain@48f278eb]" started-at="2022-01-02T14:31:30 BRT" name="setUpClass" finished-at="2022-01-02T14:31:31 BRT" duration-ms="430" status="PASS">
          <params>
            <param index="0">
              <value>
                <![CDATA[org.testng.TestRunner@f8908f6]]>
              </value>
            </param>
          </params>
          <reporter-output>
          </reporter-output>
        </test-method> <!-- setUpClass -->
        <test-method signature="runScenario(io.cucumber.testng.PickleWrapper,io.cucumber.testng.FeatureWrapper)[pri:0, instance:Runner.RunnerMain@48f278eb]" started-at="2022-01-02T14:31:31 BRT" name="runScenario" description="Runs Cucumber Scenarios" data-provider="scenarios" finished-at="2022-01-02T14:31:36 BRT" duration-ms="5537" status="PASS">
          <params>
            <param index="0">
              <value>
                <![CDATA["Login com erro"]]>
              </value>
            </param>
            <param index="1">
              <value>
                <![CDATA["Optional[Webdriver - fazer login]"]]>
              </value>
            </param>
          </params>
          <reporter-output>
          </reporter-output>
        </test-method> <!-- runScenario -->
        <test-method signature="runScenario(io.cucumber.testng.PickleWrapper,io.cucumber.testng.FeatureWrapper)[pri:0, instance:Runner.RunnerMain@48f278eb]" started-at="2022-01-02T14:31:31 BRT" name="runScenario" description="Runs Cucumber Scenarios" data-provider="scenarios" finished-at="2022-01-02T14:31:36 BRT" duration-ms="5550" status="PASS">
          <params>
            <param index="0">
              <value>
                <![CDATA["Login com sucesso"]]>
              </value>
            </param>
            <param index="1">
              <value>
                <![CDATA["Optional[Webdriver - fazer login]"]]>
              </value>
            </param>
          </params>
          <reporter-output>
          </reporter-output>
        </test-method> <!-- runScenario -->
        <test-method is-config="true" signature="tearDownClass()[pri:0, instance:Runner.RunnerMain@48f278eb]" started-at="2022-01-02T14:31:36 BRT" name="tearDownClass" finished-at="2022-01-02T14:31:36 BRT" duration-ms="70" status="PASS">
          <reporter-output>
          </reporter-output>
        </test-method> <!-- tearDownClass -->
      </class> <!-- Runner.RunnerMain -->
    </test> <!-- Default test -->
  </suite> <!-- Default suite -->
</testng-results>
